  [1m[36mActiveRecord::SchemaMigration Load (0.1ms)[0m  [1m[34mSELECT "schema_migrations".* FROM "schema_migrations"[0m
  [1m[35m (0.1ms)[0m  [1m[34mSELECT "ar_internal_metadata"."value" FROM "ar_internal_metadata" WHERE "ar_internal_metadata"."key" = ?[0m  [["key", "environment"]]
  [1m[36mActiveRecord::SchemaMigration Load (0.0ms)[0m  [1m[34mSELECT "schema_migrations".* FROM "schema_migrations"[0m
  [1m[35m (0.1ms)[0m  [1m[34mSELECT "ar_internal_metadata"."value" FROM "ar_internal_metadata" WHERE "ar_internal_metadata"."key" = ?[0m  [["key", "environment"]]
  [1m[36mActiveRecord::SchemaMigration Load (0.0ms)[0m  [1m[34mSELECT "schema_migrations".* FROM "schema_migrations"[0m
  [1m[35m (0.0ms)[0m  [1m[34mSELECT "ar_internal_metadata"."value" FROM "ar_internal_metadata" WHERE "ar_internal_metadata"."key" = ?[0m  [["key", "environment"]]
  [1m[35m (0.9ms)[0m  [1m[35mDROP TABLE "sessions"[0m
  [1m[35m (0.9ms)[0m  [1m[35mCREATE TABLE "sessions" ("id" INTEGER PRIMARY KEY AUTOINCREMENT NOT NULL, "session_id" varchar NOT NULL, "data" text, "created_at" datetime, "updated_at" datetime)[0m
  [1m[35m (0.1ms)[0m  [1m[34mselect sqlite_version(*)[0m
  [1m[35m (0.8ms)[0m  [1m[35mCREATE UNIQUE INDEX "index_sessions_on_session_id" ON "sessions" ("session_id")[0m
  [1m[35m (0.1ms)[0m  [1m[34m            SELECT sql
            FROM sqlite_master
            WHERE name='index_sessions_on_session_id' AND type='index'
            UNION ALL
            SELECT sql
            FROM sqlite_temp_master
            WHERE name='index_sessions_on_session_id' AND type='index'
[0m
  [1m[35m (0.9ms)[0m  [1m[35mCREATE  INDEX "index_sessions_on_updated_at" ON "sessions" ("updated_at")[0m
  [1m[35m (0.6ms)[0m  [1m[35mDROP TABLE "token_caches"[0m
  [1m[35m (0.8ms)[0m  [1m[35mCREATE TABLE "token_caches" ("id" INTEGER PRIMARY KEY AUTOINCREMENT NOT NULL, "created_at" datetime NOT NULL, "updated_at" datetime NOT NULL, "o365_userId" varchar, "refresh_token" text, "access_tokens" text)[0m
  [1m[35m (0.7ms)[0m  [1m[35mDROP TABLE "users"[0m
  [1m[35m (0.6ms)[0m  [1m[35mCREATE TABLE "users" ("id" INTEGER PRIMARY KEY AUTOINCREMENT NOT NULL, "first_name" varchar(40) DEFAULT '', "last_name" varchar(40) DEFAULT '', "email" varchar(70), "password" varchar, "password_digest" varchar, "o365_user_id" varchar, "o365_email" varchar, "organization_id" integer, "remember_me" boolean, "created_at" datetime NOT NULL, "updated_at" datetime NOT NULL)[0m
  [1m[35m (0.1ms)[0m  [1m[34mSELECT version FROM "schema_migrations"[0m
  [1m[36mActiveRecord::InternalMetadata Load (0.1ms)[0m  [1m[34mSELECT  "ar_internal_metadata".* FROM "ar_internal_metadata" WHERE "ar_internal_metadata"."key" = ? LIMIT ?[0m  [["key", "environment"], ["LIMIT", 1]]
  [1m[35m (0.0ms)[0m  [1m[36mbegin transaction[0m
  [1m[35m (0.0ms)[0m  [1m[36mcommit transaction[0m
  [1m[36mActiveRecord::InternalMetadata Load (0.0ms)[0m  [1m[34mSELECT  "ar_internal_metadata".* FROM "ar_internal_metadata" WHERE "ar_internal_metadata"."key" = ? LIMIT ?[0m  [["key", "environment"], ["LIMIT", 1]]
  [1m[35m (0.0ms)[0m  [1m[36mbegin transaction[0m
  [1m[35m (0.0ms)[0m  [1m[36mcommit transaction[0m
  [1m[35m (0.9ms)[0m  [1m[35mDROP TABLE "sessions"[0m
  [1m[35m (0.7ms)[0m  [1m[35mCREATE TABLE "sessions" ("id" INTEGER PRIMARY KEY AUTOINCREMENT NOT NULL, "session_id" varchar NOT NULL, "data" text, "created_at" datetime, "updated_at" datetime)[0m
  [1m[35m (0.0ms)[0m  [1m[34mselect sqlite_version(*)[0m
  [1m[35m (0.7ms)[0m  [1m[35mCREATE UNIQUE INDEX "index_sessions_on_session_id" ON "sessions" ("session_id")[0m
  [1m[35m (0.1ms)[0m  [1m[34m            SELECT sql
            FROM sqlite_master
            WHERE name='index_sessions_on_session_id' AND type='index'
            UNION ALL
            SELECT sql
            FROM sqlite_temp_master
            WHERE name='index_sessions_on_session_id' AND type='index'
[0m
  [1m[35m (0.8ms)[0m  [1m[35mCREATE  INDEX "index_sessions_on_updated_at" ON "sessions" ("updated_at")[0m
  [1m[35m (0.7ms)[0m  [1m[35mDROP TABLE "token_caches"[0m
  [1m[35m (0.7ms)[0m  [1m[35mCREATE TABLE "token_caches" ("id" INTEGER PRIMARY KEY AUTOINCREMENT NOT NULL, "created_at" datetime NOT NULL, "updated_at" datetime NOT NULL, "o365_userId" varchar, "refresh_token" text, "access_tokens" text)[0m
  [1m[35m (0.7ms)[0m  [1m[35mDROP TABLE "users"[0m
  [1m[35m (0.7ms)[0m  [1m[35mCREATE TABLE "users" ("id" INTEGER PRIMARY KEY AUTOINCREMENT NOT NULL, "first_name" varchar(40) DEFAULT '', "last_name" varchar(40) DEFAULT '', "email" varchar(70), "password" varchar, "password_digest" varchar, "o365_user_id" varchar, "o365_email" varchar, "organization_id" integer, "remember_me" boolean, "created_at" datetime NOT NULL, "updated_at" datetime NOT NULL)[0m
  [1m[35m (0.1ms)[0m  [1m[34mSELECT version FROM "schema_migrations"[0m
  [1m[36mActiveRecord::InternalMetadata Load (0.1ms)[0m  [1m[34mSELECT  "ar_internal_metadata".* FROM "ar_internal_metadata" WHERE "ar_internal_metadata"."key" = ? LIMIT ?[0m  [["key", "environment"], ["LIMIT", 1]]
  [1m[35m (0.0ms)[0m  [1m[36mbegin transaction[0m
  [1m[35m (0.0ms)[0m  [1m[36mcommit transaction[0m
  [1m[36mActiveRecord::InternalMetadata Load (0.0ms)[0m  [1m[34mSELECT  "ar_internal_metadata".* FROM "ar_internal_metadata" WHERE "ar_internal_metadata"."key" = ? LIMIT ?[0m  [["key", "environment"], ["LIMIT", 1]]
  [1m[35m (0.0ms)[0m  [1m[36mbegin transaction[0m
  [1m[35m (0.0ms)[0m  [1m[36mcommit transaction[0m
  [1m[36mActiveRecord::SchemaMigration Load (0.1ms)[0m  [1m[34mSELECT "schema_migrations".* FROM "schema_migrations"[0m
Started GET "/" for 127.0.0.1 at 2017-09-15 14:20:08 +0800
Processing by AccountController#index as HTML
Redirected to http://localhost:3000/account/login
Completed 302 Found in 30ms (ActiveRecord: 3.1ms)


  [1m[35m (0.1ms)[0m  [1m[36mbegin transaction[0m
  [1m[35m (0.1ms)[0m  [1m[36mcommit transaction[0m
Started GET "/account/login" for 127.0.0.1 at 2017-09-15 14:20:08 +0800
Processing by AccountController#login as HTML
  Rendering account/login.html.erb within layouts/application
  Rendered account/login.html.erb within layouts/application (344.6ms)
Completed 200 OK in 436ms (Views: 433.7ms | ActiveRecord: 0.2ms)


  [1m[35m (0.1ms)[0m  [1m[36mbegin transaction[0m
  [1m[35mSQL (0.3ms)[0m  [1m[33mUPDATE "sessions" SET "data" = ?, "updated_at" = ? WHERE "sessions"."id" = ?[0m  [["data", "BAh7BkkiEF9jc3JmX3Rva2VuBjoGRUZJIjFFM20xYlFBbSs1Mk5pYmhvTUp2\nRDJNL2k2RFg5MmoxT2E5WHFGRE5meEtjPQY7AEY=\n"], ["updated_at", "2017-09-15 06:20:09.150583"], ["id", 1]]
  [1m[35m (0.6ms)[0m  [1m[36mcommit transaction[0m
  [1m[36mActiveRecord::SchemaMigration Load (0.1ms)[0m  [1m[34mSELECT "schema_migrations".* FROM "schema_migrations"[0m
  [1m[35m (0.1ms)[0m  [1m[34mSELECT "ar_internal_metadata"."value" FROM "ar_internal_metadata" WHERE "ar_internal_metadata"."key" = ?[0m  [["key", "environment"]]
  [1m[36mActiveRecord::SchemaMigration Load (0.0ms)[0m  [1m[34mSELECT "schema_migrations".* FROM "schema_migrations"[0m
  [1m[35m (0.1ms)[0m  [1m[34mSELECT "ar_internal_metadata"."value" FROM "ar_internal_metadata" WHERE "ar_internal_metadata"."key" = ?[0m  [["key", "environment"]]
  [1m[36mActiveRecord::SchemaMigration Load (0.0ms)[0m  [1m[34mSELECT "schema_migrations".* FROM "schema_migrations"[0m
  [1m[35m (0.1ms)[0m  [1m[34mSELECT "ar_internal_metadata"."value" FROM "ar_internal_metadata" WHERE "ar_internal_metadata"."key" = ?[0m  [["key", "environment"]]
  [1m[35m (6.7ms)[0m  [1m[35mDROP TABLE "sessions"[0m
  [1m[35m (1.0ms)[0m  [1m[35mCREATE TABLE "sessions" ("id" INTEGER PRIMARY KEY AUTOINCREMENT NOT NULL, "session_id" varchar NOT NULL, "data" text, "created_at" datetime, "updated_at" datetime)[0m
  [1m[35m (0.1ms)[0m  [1m[34mselect sqlite_version(*)[0m
  [1m[35m (1.0ms)[0m  [1m[35mCREATE UNIQUE INDEX "index_sessions_on_session_id" ON "sessions" ("session_id")[0m
  [1m[35m (0.1ms)[0m  [1m[34m            SELECT sql
            FROM sqlite_master
            WHERE name='index_sessions_on_session_id' AND type='index'
            UNION ALL
            SELECT sql
            FROM sqlite_temp_master
            WHERE name='index_sessions_on_session_id' AND type='index'
[0m
  [1m[35m (1.4ms)[0m  [1m[35mCREATE  INDEX "index_sessions_on_updated_at" ON "sessions" ("updated_at")[0m
  [1m[35m (0.7ms)[0m  [1m[35mDROP TABLE "token_caches"[0m
  [1m[35m (0.8ms)[0m  [1m[35mCREATE TABLE "token_caches" ("id" INTEGER PRIMARY KEY AUTOINCREMENT NOT NULL, "created_at" datetime NOT NULL, "updated_at" datetime NOT NULL, "o365_userId" varchar, "refresh_token" text, "access_tokens" text)[0m
  [1m[35m (0.8ms)[0m  [1m[35mDROP TABLE "users"[0m
  [1m[35m (0.7ms)[0m  [1m[35mCREATE TABLE "users" ("id" INTEGER PRIMARY KEY AUTOINCREMENT NOT NULL, "first_name" varchar(40) DEFAULT '', "last_name" varchar(40) DEFAULT '', "email" varchar(70), "password" varchar, "password_digest" varchar, "o365_user_id" varchar, "o365_email" varchar, "organization_id" integer, "remember_me" boolean, "created_at" datetime NOT NULL, "updated_at" datetime NOT NULL)[0m
  [1m[35m (0.1ms)[0m  [1m[34mSELECT version FROM "schema_migrations"[0m
  [1m[36mActiveRecord::InternalMetadata Load (0.1ms)[0m  [1m[34mSELECT  "ar_internal_metadata".* FROM "ar_internal_metadata" WHERE "ar_internal_metadata"."key" = ? LIMIT ?[0m  [["key", "environment"], ["LIMIT", 1]]
  [1m[35m (0.1ms)[0m  [1m[36mbegin transaction[0m
  [1m[35m (0.0ms)[0m  [1m[36mcommit transaction[0m
  [1m[36mActiveRecord::InternalMetadata Load (0.1ms)[0m  [1m[34mSELECT  "ar_internal_metadata".* FROM "ar_internal_metadata" WHERE "ar_internal_metadata"."key" = ? LIMIT ?[0m  [["key", "environment"], ["LIMIT", 1]]
  [1m[35m (0.0ms)[0m  [1m[36mbegin transaction[0m
  [1m[35m (0.1ms)[0m  [1m[36mcommit transaction[0m
  [1m[35m (0.7ms)[0m  [1m[35mDROP TABLE "sessions"[0m
  [1m[35m (0.7ms)[0m  [1m[35mCREATE TABLE "sessions" ("id" INTEGER PRIMARY KEY AUTOINCREMENT NOT NULL, "session_id" varchar NOT NULL, "data" text, "created_at" datetime, "updated_at" datetime)[0m
  [1m[35m (0.0ms)[0m  [1m[34mselect sqlite_version(*)[0m
  [1m[35m (0.7ms)[0m  [1m[35mCREATE UNIQUE INDEX "index_sessions_on_session_id" ON "sessions" ("session_id")[0m
  [1m[35m (0.1ms)[0m  [1m[34m            SELECT sql
            FROM sqlite_master
            WHERE name='index_sessions_on_session_id' AND type='index'
            UNION ALL
            SELECT sql
            FROM sqlite_temp_master
            WHERE name='index_sessions_on_session_id' AND type='index'
[0m
  [1m[35m (1.4ms)[0m  [1m[35mCREATE  INDEX "index_sessions_on_updated_at" ON "sessions" ("updated_at")[0m
  [1m[35m (0.8ms)[0m  [1m[35mDROP TABLE "token_caches"[0m
  [1m[35m (0.7ms)[0m  [1m[35mCREATE TABLE "token_caches" ("id" INTEGER PRIMARY KEY AUTOINCREMENT NOT NULL, "created_at" datetime NOT NULL, "updated_at" datetime NOT NULL, "o365_userId" varchar, "refresh_token" text, "access_tokens" text)[0m
  [1m[35m (0.8ms)[0m  [1m[35mDROP TABLE "users"[0m
  [1m[35m (0.7ms)[0m  [1m[35mCREATE TABLE "users" ("id" INTEGER PRIMARY KEY AUTOINCREMENT NOT NULL, "first_name" varchar(40) DEFAULT '', "last_name" varchar(40) DEFAULT '', "email" varchar(70), "password" varchar, "password_digest" varchar, "o365_user_id" varchar, "o365_email" varchar, "organization_id" integer, "remember_me" boolean, "created_at" datetime NOT NULL, "updated_at" datetime NOT NULL)[0m
  [1m[35m (0.1ms)[0m  [1m[34mSELECT version FROM "schema_migrations"[0m
  [1m[36mActiveRecord::InternalMetadata Load (0.1ms)[0m  [1m[34mSELECT  "ar_internal_metadata".* FROM "ar_internal_metadata" WHERE "ar_internal_metadata"."key" = ? LIMIT ?[0m  [["key", "environment"], ["LIMIT", 1]]
  [1m[35m (0.0ms)[0m  [1m[36mbegin transaction[0m
  [1m[35m (0.0ms)[0m  [1m[36mcommit transaction[0m
  [1m[36mActiveRecord::InternalMetadata Load (0.1ms)[0m  [1m[34mSELECT  "ar_internal_metadata".* FROM "ar_internal_metadata" WHERE "ar_internal_metadata"."key" = ? LIMIT ?[0m  [["key", "environment"], ["LIMIT", 1]]
  [1m[35m (0.0ms)[0m  [1m[36mbegin transaction[0m
  [1m[35m (0.0ms)[0m  [1m[36mcommit transaction[0m
  [1m[36mActiveRecord::SchemaMigration Load (0.2ms)[0m  [1m[34mSELECT "schema_migrations".* FROM "schema_migrations"[0m
Started GET "/" for 127.0.0.1 at 2017-09-15 14:21:04 +0800
Processing by AccountController#index as HTML
Redirected to http://localhost:3000/account/login
Completed 302 Found in 28ms (ActiveRecord: 4.5ms)


  [1m[35m (0.0ms)[0m  [1m[36mbegin transaction[0m
  [1m[35m (0.0ms)[0m  [1m[36mcommit transaction[0m
Started GET "/account/login" for 127.0.0.1 at 2017-09-15 14:21:04 +0800
Processing by AccountController#login as HTML
  Rendering account/login.html.erb within layouts/application
  Rendered account/login.html.erb within layouts/application (309.3ms)
Completed 200 OK in 393ms (Views: 390.9ms | ActiveRecord: 0.1ms)


  [1m[35m (0.0ms)[0m  [1m[36mbegin transaction[0m
  [1m[35mSQL (0.2ms)[0m  [1m[33mUPDATE "sessions" SET "data" = ?, "updated_at" = ? WHERE "sessions"."id" = ?[0m  [["data", "BAh7BkkiEF9jc3JmX3Rva2VuBjoGRUZJIjF0dmhPRjNtUjFJVFczQlhCZ0h1\nMEpuVTk1eS9qbzRPcmRkSTNNUkVsWm8wPQY7AEY=\n"], ["updated_at", "2017-09-15 06:21:04.581334"], ["id", 1]]
  [1m[35m (0.8ms)[0m  [1m[36mcommit transaction[0m
  [1m[36mActiveRecord::SchemaMigration Load (0.6ms)[0m  [1m[34mSELECT "schema_migrations".* FROM "schema_migrations"[0m
  [1m[35m (0.5ms)[0m  [1m[34mSELECT "ar_internal_metadata"."value" FROM "ar_internal_metadata" WHERE "ar_internal_metadata"."key" = ?[0m  [["key", "environment"]]
  [1m[36mActiveRecord::SchemaMigration Load (0.0ms)[0m  [1m[34mSELECT "schema_migrations".* FROM "schema_migrations"[0m
  [1m[35m (0.0ms)[0m  [1m[34mSELECT "ar_internal_metadata"."value" FROM "ar_internal_metadata" WHERE "ar_internal_metadata"."key" = ?[0m  [["key", "environment"]]
  [1m[36mActiveRecord::SchemaMigration Load (0.0ms)[0m  [1m[34mSELECT "schema_migrations".* FROM "schema_migrations"[0m
  [1m[35m (0.0ms)[0m  [1m[34mSELECT "ar_internal_metadata"."value" FROM "ar_internal_metadata" WHERE "ar_internal_metadata"."key" = ?[0m  [["key", "environment"]]
  [1m[35m (3.0ms)[0m  [1m[35mDROP TABLE "sessions"[0m
  [1m[35m (0.8ms)[0m  [1m[35mCREATE TABLE "sessions" ("id" INTEGER PRIMARY KEY AUTOINCREMENT NOT NULL, "session_id" varchar NOT NULL, "data" text, "created_at" datetime, "updated_at" datetime)[0m
  [1m[35m (0.1ms)[0m  [1m[34mselect sqlite_version(*)[0m
  [1m[35m (0.8ms)[0m  [1m[35mCREATE UNIQUE INDEX "index_sessions_on_session_id" ON "sessions" ("session_id")[0m
  [1m[35m (0.1ms)[0m  [1m[34m            SELECT sql
            FROM sqlite_master
            WHERE name='index_sessions_on_session_id' AND type='index'
            UNION ALL
            SELECT sql
            FROM sqlite_temp_master
            WHERE name='index_sessions_on_session_id' AND type='index'
[0m
  [1m[35m (0.8ms)[0m  [1m[35mCREATE  INDEX "index_sessions_on_updated_at" ON "sessions" ("updated_at")[0m
  [1m[35m (1.3ms)[0m  [1m[35mDROP TABLE "users"[0m
  [1m[35m (1.0ms)[0m  [1m[35mCREATE TABLE "users" ("id" INTEGER PRIMARY KEY AUTOINCREMENT NOT NULL, "first_name" varchar(40) DEFAULT '', "last_name" varchar(40) DEFAULT '', "email" varchar(70), "password" varchar, "password_digest" varchar, "o365_user_id" varchar, "o365_email" varchar, "organization_id" integer, "remember_me" boolean, "created_at" datetime NOT NULL, "updated_at" datetime NOT NULL)[0m
  [1m[35m (0.3ms)[0m  [1m[34mSELECT version FROM "schema_migrations"[0m
  [1m[36mActiveRecord::InternalMetadata Load (0.2ms)[0m  [1m[34mSELECT  "ar_internal_metadata".* FROM "ar_internal_metadata" WHERE "ar_internal_metadata"."key" = ? LIMIT ?[0m  [["key", "environment"], ["LIMIT", 1]]
  [1m[35m (0.1ms)[0m  [1m[36mbegin transaction[0m
  [1m[35m (0.0ms)[0m  [1m[36mcommit transaction[0m
  [1m[36mActiveRecord::InternalMetadata Load (0.1ms)[0m  [1m[34mSELECT  "ar_internal_metadata".* FROM "ar_internal_metadata" WHERE "ar_internal_metadata"."key" = ? LIMIT ?[0m  [["key", "environment"], ["LIMIT", 1]]
  [1m[35m (0.0ms)[0m  [1m[36mbegin transaction[0m
  [1m[35m (0.0ms)[0m  [1m[36mcommit transaction[0m
  [1m[35m (3.1ms)[0m  [1m[35mDROP TABLE "sessions"[0m
  [1m[35m (1.0ms)[0m  [1m[35mCREATE TABLE "sessions" ("id" INTEGER PRIMARY KEY AUTOINCREMENT NOT NULL, "session_id" varchar NOT NULL, "data" text, "created_at" datetime, "updated_at" datetime)[0m
  [1m[35m (0.1ms)[0m  [1m[34mselect sqlite_version(*)[0m
  [1m[35m (0.9ms)[0m  [1m[35mCREATE UNIQUE INDEX "index_sessions_on_session_id" ON "sessions" ("session_id")[0m
  [1m[35m (0.1ms)[0m  [1m[34m            SELECT sql
            FROM sqlite_master
            WHERE name='index_sessions_on_session_id' AND type='index'
            UNION ALL
            SELECT sql
            FROM sqlite_temp_master
            WHERE name='index_sessions_on_session_id' AND type='index'
[0m
  [1m[35m (0.8ms)[0m  [1m[35mCREATE  INDEX "index_sessions_on_updated_at" ON "sessions" ("updated_at")[0m
  [1m[35m (1.0ms)[0m  [1m[35mDROP TABLE "users"[0m
  [1m[35m (0.7ms)[0m  [1m[35mCREATE TABLE "users" ("id" INTEGER PRIMARY KEY AUTOINCREMENT NOT NULL, "first_name" varchar(40) DEFAULT '', "last_name" varchar(40) DEFAULT '', "email" varchar(70), "password" varchar, "password_digest" varchar, "o365_user_id" varchar, "o365_email" varchar, "organization_id" integer, "remember_me" boolean, "created_at" datetime NOT NULL, "updated_at" datetime NOT NULL)[0m
  [1m[35m (0.3ms)[0m  [1m[34mSELECT version FROM "schema_migrations"[0m
  [1m[36mActiveRecord::InternalMetadata Load (1.1ms)[0m  [1m[34mSELECT  "ar_internal_metadata".* FROM "ar_internal_metadata" WHERE "ar_internal_metadata"."key" = ? LIMIT ?[0m  [["key", "environment"], ["LIMIT", 1]]
  [1m[35m (0.0ms)[0m  [1m[36mbegin transaction[0m
  [1m[35m (0.0ms)[0m  [1m[36mcommit transaction[0m
  [1m[36mActiveRecord::InternalMetadata Load (0.0ms)[0m  [1m[34mSELECT  "ar_internal_metadata".* FROM "ar_internal_metadata" WHERE "ar_internal_metadata"."key" = ? LIMIT ?[0m  [["key", "environment"], ["LIMIT", 1]]
  [1m[35m (0.0ms)[0m  [1m[36mbegin transaction[0m
  [1m[35m (0.0ms)[0m  [1m[36mcommit transaction[0m
  [1m[36mActiveRecord::SchemaMigration Load (0.1ms)[0m  [1m[34mSELECT "schema_migrations".* FROM "schema_migrations"[0m
Started GET "/" for 127.0.0.1 at 2017-09-15 14:57:59 +0800
Processing by AccountController#index as HTML
Redirected to http://localhost:3000/account/login
Completed 302 Found in 35ms (ActiveRecord: 4.1ms)


  [1m[35m (0.1ms)[0m  [1m[36mbegin transaction[0m
  [1m[35m (0.0ms)[0m  [1m[36mcommit transaction[0m
Started GET "/account/login" for 127.0.0.1 at 2017-09-15 14:57:59 +0800
Processing by AccountController#login as HTML
  Rendering account/login.html.erb within layouts/application
  Rendered account/login.html.erb within layouts/application (357.8ms)
Completed 200 OK in 446ms (Views: 443.6ms | ActiveRecord: 0.2ms)


  [1m[35m (0.1ms)[0m  [1m[36mbegin transaction[0m
  [1m[35mSQL (0.4ms)[0m  [1m[33mUPDATE "sessions" SET "data" = ?, "updated_at" = ? WHERE "sessions"."id" = ?[0m  [["data", "BAh7BkkiEF9jc3JmX3Rva2VuBjoGRUZJIjFrdHF3NjFZenZSZTFsNHhRUjRH\nQXNnazVSOHpTQnFhM25XYUpaWHU3SHp3PQY7AEY=\n"], ["updated_at", "2017-09-15 06:58:00.212792"], ["id", 1]]
  [1m[35m (0.6ms)[0m  [1m[36mcommit transaction[0m
Started GET "/account/register" for 127.0.0.1 at 2017-09-15 15:06:29 +0800
Processing by AccountController#register as HTML
  Rendering account/register.html.erb within layouts/application
  Rendered account/register.html.erb within layouts/application (0.6ms)
Completed 200 OK in 40ms (Views: 35.8ms | ActiveRecord: 0.2ms)


  [1m[35m (0.1ms)[0m  [1m[36mbegin transaction[0m
  [1m[35m (0.0ms)[0m  [1m[36mcommit transaction[0m
Started POST "/account/register" for 127.0.0.1 at 2017-09-15 15:06:47 +0800
Processing by AccountController#register_post as HTML
  Parameters: {"Email"=>"cloris.sun1@canviz.com", "Password"=>"[FILTERED]", "ConfirmPassword"=>"[FILTERED]"}
  [1m[36mUser Load (0.2ms)[0m  [1m[34mSELECT  "users".* FROM "users" WHERE "users"."email" = ? LIMIT ?[0m  [["email", "cloris.sun1@canviz.com"], ["LIMIT", 1]]
  [1m[35m (0.1ms)[0m  [1m[36mbegin transaction[0m
  [1m[35mSQL (0.3ms)[0m  [1m[32mINSERT INTO "users" ("email", "password_digest", "created_at", "updated_at") VALUES (?, ?, ?, ?)[0m  [["email", "cloris.sun1@canviz.com"], ["password_digest", "$2a$10$1zAJzOBRL0sMUMhQAkw7s.YoEeVBkgtMYFMZNOFK3N2qdF5BB1hVq"], ["created_at", "2017-09-15 07:06:47.435467"], ["updated_at", "2017-09-15 07:06:47.435467"]]
  [1m[35m (3.1ms)[0m  [1m[36mcommit transaction[0m
Redirected to http://localhost:3000/account/index
Completed 302 Found in 99ms (ActiveRecord: 4.4ms)


  [1m[35m (0.0ms)[0m  [1m[36mbegin transaction[0m
  [1m[35mSQL (0.2ms)[0m  [1m[33mUPDATE "sessions" SET "data" = ?, "updated_at" = ? WHERE "sessions"."id" = ?[0m  [["data", "BAh7B0kiEF9jc3JmX3Rva2VuBjoGRUZJIjFrdHF3NjFZenZSZTFsNHhRUjRH\nQXNnazVSOHpTQnFhM25XYUpaWHU3SHp3PQY7AEZJIhNfbG9jYWxfdXNlcl9p\nZAY7AFRpBg==\n"], ["updated_at", "2017-09-15 07:06:47.441749"], ["id", 1]]
  [1m[35m (0.6ms)[0m  [1m[36mcommit transaction[0m
Started GET "/account/index" for 127.0.0.1 at 2017-09-15 15:06:47 +0800
Processing by AccountController#index as HTML
  [1m[36mUser Load (0.1ms)[0m  [1m[34mSELECT  "users".* FROM "users" WHERE "users"."id" = ? LIMIT ?[0m  [["id", 1], ["LIMIT", 1]]
Redirected to http://localhost:3000/schools
Completed 302 Found in 3ms (ActiveRecord: 0.2ms)


  [1m[35m (0.0ms)[0m  [1m[36mbegin transaction[0m
  [1m[35m (0.0ms)[0m  [1m[36mcommit transaction[0m
Started GET "/schools" for 127.0.0.1 at 2017-09-15 15:06:47 +0800
Processing by SchoolsController#index as HTML
  [1m[36mUser Load (0.1ms)[0m  [1m[34mSELECT  "users".* FROM "users" WHERE "users"."id" = ? LIMIT ?[0m  [["id", 1], ["LIMIT", 1]]
  Rendering schools/index.html.erb within layouts/application
  Rendered common/_header_list.html.erb (0.3ms)
  [1m[36mCACHE (0.0ms)[0m  [1m[34mSELECT  "users".* FROM "users" WHERE "users"."id" = ? LIMIT ?[0m  [["id", 1], ["LIMIT", 1]]
  [1m[36mCACHE (0.0ms)[0m  [1m[34mSELECT  "users".* FROM "users" WHERE "users"."id" = ? LIMIT ?[0m  [["id", 1], ["LIMIT", 1]]
  Rendered common/_user_login_info.html.erb (1.2ms)
  Rendered schools/index.html.erb within layouts/application (4.4ms)
Completed 200 OK in 32ms (Views: 28.8ms | ActiveRecord: 0.3ms)


  [1m[35m (0.1ms)[0m  [1m[36mbegin transaction[0m
  [1m[35m (0.0ms)[0m  [1m[36mcommit transaction[0m
Started GET "/schools" for 127.0.0.1 at 2017-09-15 15:06:54 +0800
Processing by SchoolsController#index as HTML
  [1m[36mUser Load (0.1ms)[0m  [1m[34mSELECT  "users".* FROM "users" WHERE "users"."id" = ? LIMIT ?[0m  [["id", 1], ["LIMIT", 1]]
  Rendering schools/index.html.erb within layouts/application
  Rendered common/_header_list.html.erb (0.3ms)
  [1m[36mCACHE (0.0ms)[0m  [1m[34mSELECT  "users".* FROM "users" WHERE "users"."id" = ? LIMIT ?[0m  [["id", 1], ["LIMIT", 1]]
  [1m[36mCACHE (0.0ms)[0m  [1m[34mSELECT  "users".* FROM "users" WHERE "users"."id" = ? LIMIT ?[0m  [["id", 1], ["LIMIT", 1]]
  Rendered common/_user_login_info.html.erb (1.3ms)
  Rendered schools/index.html.erb within layouts/application (4.7ms)
Completed 200 OK in 35ms (Views: 30.2ms | ActiveRecord: 0.3ms)


  [1m[35m (0.1ms)[0m  [1m[36mbegin transaction[0m
  [1m[35m (0.1ms)[0m  [1m[36mcommit transaction[0m
  [1m[36mActiveRecord::SchemaMigration Load (0.1ms)[0m  [1m[34mSELECT "schema_migrations".* FROM "schema_migrations"[0m
  [1m[35m (0.1ms)[0m  [1m[34mSELECT "ar_internal_metadata"."value" FROM "ar_internal_metadata" WHERE "ar_internal_metadata"."key" = ?[0m  [["key", "environment"]]
  [1m[36mActiveRecord::SchemaMigration Load (0.0ms)[0m  [1m[34mSELECT "schema_migrations".* FROM "schema_migrations"[0m
  [1m[35m (0.7ms)[0m  [1m[34mSELECT "ar_internal_metadata"."value" FROM "ar_internal_metadata" WHERE "ar_internal_metadata"."key" = ?[0m  [["key", "environment"]]
  [1m[36mActiveRecord::SchemaMigration Load (0.0ms)[0m  [1m[34mSELECT "schema_migrations".* FROM "schema_migrations"[0m
  [1m[35m (0.0ms)[0m  [1m[34mSELECT "ar_internal_metadata"."value" FROM "ar_internal_metadata" WHERE "ar_internal_metadata"."key" = ?[0m  [["key", "environment"]]
  [1m[35m (0.9ms)[0m  [1m[35mDROP TABLE "sessions"[0m
  [1m[35m (0.8ms)[0m  [1m[35mCREATE TABLE "sessions" ("id" INTEGER PRIMARY KEY AUTOINCREMENT NOT NULL, "session_id" varchar NOT NULL, "data" text, "created_at" datetime, "updated_at" datetime)[0m
  [1m[35m (0.1ms)[0m  [1m[34mselect sqlite_version(*)[0m
  [1m[35m (0.8ms)[0m  [1m[35mCREATE UNIQUE INDEX "index_sessions_on_session_id" ON "sessions" ("session_id")[0m
  [1m[35m (0.1ms)[0m  [1m[34m            SELECT sql
            FROM sqlite_master
            WHERE name='index_sessions_on_session_id' AND type='index'
            UNION ALL
            SELECT sql
            FROM sqlite_temp_master
            WHERE name='index_sessions_on_session_id' AND type='index'
[0m
  [1m[35m (0.7ms)[0m  [1m[35mCREATE  INDEX "index_sessions_on_updated_at" ON "sessions" ("updated_at")[0m
  [1m[35m (0.8ms)[0m  [1m[35mDROP TABLE "users"[0m
  [1m[35m (0.9ms)[0m  [1m[35mCREATE TABLE "users" ("id" INTEGER PRIMARY KEY AUTOINCREMENT NOT NULL, "first_name" varchar(40) DEFAULT '', "last_name" varchar(40) DEFAULT '', "email" varchar(70), "password" varchar, "password_digest" varchar, "o365_user_id" varchar, "o365_email" varchar, "organization_id" integer, "remember_me" boolean, "created_at" datetime NOT NULL, "updated_at" datetime NOT NULL)[0m
  [1m[35m (0.1ms)[0m  [1m[34mSELECT version FROM "schema_migrations"[0m
  [1m[36mActiveRecord::InternalMetadata Load (0.1ms)[0m  [1m[34mSELECT  "ar_internal_metadata".* FROM "ar_internal_metadata" WHERE "ar_internal_metadata"."key" = ? LIMIT ?[0m  [["key", "environment"], ["LIMIT", 1]]
  [1m[35m (0.0ms)[0m  [1m[36mbegin transaction[0m
  [1m[35m (0.0ms)[0m  [1m[36mcommit transaction[0m
  [1m[36mActiveRecord::InternalMetadata Load (0.1ms)[0m  [1m[34mSELECT  "ar_internal_metadata".* FROM "ar_internal_metadata" WHERE "ar_internal_metadata"."key" = ? LIMIT ?[0m  [["key", "environment"], ["LIMIT", 1]]
  [1m[35m (0.0ms)[0m  [1m[36mbegin transaction[0m
  [1m[35m (0.1ms)[0m  [1m[36mcommit transaction[0m
  [1m[35m (0.8ms)[0m  [1m[35mDROP TABLE "sessions"[0m
  [1m[35m (0.7ms)[0m  [1m[35mCREATE TABLE "sessions" ("id" INTEGER PRIMARY KEY AUTOINCREMENT NOT NULL, "session_id" varchar NOT NULL, "data" text, "created_at" datetime, "updated_at" datetime)[0m
  [1m[35m (0.0ms)[0m  [1m[34mselect sqlite_version(*)[0m
  [1m[35m (0.7ms)[0m  [1m[35mCREATE UNIQUE INDEX "index_sessions_on_session_id" ON "sessions" ("session_id")[0m
  [1m[35m (0.1ms)[0m  [1m[34m            SELECT sql
            FROM sqlite_master
            WHERE name='index_sessions_on_session_id' AND type='index'
            UNION ALL
            SELECT sql
            FROM sqlite_temp_master
            WHERE name='index_sessions_on_session_id' AND type='index'
[0m
  [1m[35m (0.7ms)[0m  [1m[35mCREATE  INDEX "index_sessions_on_updated_at" ON "sessions" ("updated_at")[0m
  [1m[35m (0.6ms)[0m  [1m[35mDROP TABLE "users"[0m
  [1m[35m (0.7ms)[0m  [1m[35mCREATE TABLE "users" ("id" INTEGER PRIMARY KEY AUTOINCREMENT NOT NULL, "first_name" varchar(40) DEFAULT '', "last_name" varchar(40) DEFAULT '', "email" varchar(70), "password" varchar, "password_digest" varchar, "o365_user_id" varchar, "o365_email" varchar, "organization_id" integer, "remember_me" boolean, "created_at" datetime NOT NULL, "updated_at" datetime NOT NULL)[0m
  [1m[35m (0.3ms)[0m  [1m[34mSELECT version FROM "schema_migrations"[0m
  [1m[36mActiveRecord::InternalMetadata Load (0.5ms)[0m  [1m[34mSELECT  "ar_internal_metadata".* FROM "ar_internal_metadata" WHERE "ar_internal_metadata"."key" = ? LIMIT ?[0m  [["key", "environment"], ["LIMIT", 1]]
  [1m[35m (0.0ms)[0m  [1m[36mbegin transaction[0m
  [1m[35m (0.0ms)[0m  [1m[36mcommit transaction[0m
  [1m[36mActiveRecord::InternalMetadata Load (0.0ms)[0m  [1m[34mSELECT  "ar_internal_metadata".* FROM "ar_internal_metadata" WHERE "ar_internal_metadata"."key" = ? LIMIT ?[0m  [["key", "environment"], ["LIMIT", 1]]
  [1m[35m (0.0ms)[0m  [1m[36mbegin transaction[0m
  [1m[35m (0.0ms)[0m  [1m[36mcommit transaction[0m
  [1m[36mActiveRecord::SchemaMigration Load (0.1ms)[0m  [1m[34mSELECT "schema_migrations".* FROM "schema_migrations"[0m
Started GET "/" for 127.0.0.1 at 2017-09-15 15:09:42 +0800
Processing by AccountController#index as HTML
Redirected to http://localhost:3000/account/login
Completed 302 Found in 33ms (ActiveRecord: 5.1ms)


  [1m[35m (0.1ms)[0m  [1m[36mbegin transaction[0m
  [1m[35m (0.0ms)[0m  [1m[36mcommit transaction[0m
Started GET "/account/login" for 127.0.0.1 at 2017-09-15 15:09:42 +0800
Processing by AccountController#login as HTML
  Rendering account/login.html.erb within layouts/application
  Rendered account/login.html.erb within layouts/application (416.6ms)
Completed 200 OK in 502ms (Views: 499.6ms | ActiveRecord: 0.2ms)


  [1m[35m (0.1ms)[0m  [1m[36mbegin transaction[0m
  [1m[35mSQL (0.3ms)[0m  [1m[33mUPDATE "sessions" SET "data" = ?, "updated_at" = ? WHERE "sessions"."id" = ?[0m  [["data", "BAh7BkkiEF9jc3JmX3Rva2VuBjoGRUZJIjFVS1dSUmRFUG9vZVVQTERIRDl2\nOXZ6cXhqTmdhbVYwa2xBR3BBUm80STdBPQY7AEY=\n"], ["updated_at", "2017-09-15 07:09:42.752360"], ["id", 1]]
  [1m[35m (0.6ms)[0m  [1m[36mcommit transaction[0m
Started POST "/account/login_local" for 127.0.0.1 at 2017-09-15 15:41:08 +0800
Processing by AccountController#login_local as HTML
  Parameters: {"Email"=>"cloris.sun@canviz.com", "Password"=>"[FILTERED]"}
  [1m[36mUser Load (0.1ms)[0m  [1m[34mSELECT  "users".* FROM "users" WHERE "users"."email" = ? LIMIT ?[0m  [["email", "cloris.sun@canviz.com"], ["LIMIT", 1]]
Redirected to http://localhost:3000/account/login
Completed 302 Found in 9ms (ActiveRecord: 0.5ms)


  [1m[35m (0.1ms)[0m  [1m[36mbegin transaction[0m
  [1m[35mSQL (0.3ms)[0m  [1m[33mUPDATE "sessions" SET "data" = ?, "updated_at" = ? WHERE "sessions"."id" = ?[0m  [["data", "BAh7B0kiEF9jc3JmX3Rva2VuBjoGRUZJIjFVS1dSUmRFUG9vZVVQTERIRDl2\nOXZ6cXhqTmdhbVYwa2xBR3BBUm80STdBPQY7AEZJIgpmbGFzaAY7AFR7B0ki\nDGRpc2NhcmQGOwBUWwBJIgxmbGFzaGVzBjsAVHsGSSIKYWxlcnQGOwBGSSIb\nSW52YWxpZCBsb2dpbiBhdHRlbXB0LgY7AFQ=\n"], ["updated_at", "2017-09-15 07:41:08.285613"], ["id", 1]]
  [1m[35m (0.6ms)[0m  [1m[36mcommit transaction[0m
Started GET "/account/login" for 127.0.0.1 at 2017-09-15 15:41:08 +0800
Processing by AccountController#login as HTML
  Rendering account/login.html.erb within layouts/application
  Rendered account/login.html.erb within layouts/application (10.1ms)
Completed 200 OK in 52ms (Views: 49.5ms | ActiveRecord: 0.2ms)


  [1m[35m (0.1ms)[0m  [1m[36mbegin transaction[0m
  [1m[35mSQL (0.3ms)[0m  [1m[33mUPDATE "sessions" SET "data" = ?, "updated_at" = ? WHERE "sessions"."id" = ?[0m  [["data", "BAh7BkkiEF9jc3JmX3Rva2VuBjoGRUZJIjFVS1dSUmRFUG9vZVVQTERIRDl2\nOXZ6cXhqTmdhbVYwa2xBR3BBUm80STdBPQY7AEY=\n"], ["updated_at", "2017-09-15 07:41:08.345916"], ["id", 1]]
  [1m[35m (0.9ms)[0m  [1m[36mcommit transaction[0m
Started GET "/account/register" for 127.0.0.1 at 2017-09-15 15:41:11 +0800
Processing by AccountController#register as HTML
  Rendering account/register.html.erb within layouts/application
  Rendered account/register.html.erb within layouts/application (0.9ms)
Completed 200 OK in 34ms (Views: 30.0ms | ActiveRecord: 0.2ms)


  [1m[35m (0.1ms)[0m  [1m[36mbegin transaction[0m
  [1m[35m (0.0ms)[0m  [1m[36mcommit transaction[0m
Started POST "/account/register" for 127.0.0.1 at 2017-09-15 15:41:32 +0800
Processing by AccountController#register_post as HTML
  Parameters: {"Email"=>"cloris.sun2@canviz.com", "Password"=>"[FILTERED]", "ConfirmPassword"=>"[FILTERED]"}
  [1m[36mUser Load (0.1ms)[0m  [1m[34mSELECT  "users".* FROM "users" WHERE "users"."email" = ? LIMIT ?[0m  [["email", "cloris.sun2@canviz.com"], ["LIMIT", 1]]
  [1m[35m (0.1ms)[0m  [1m[36mbegin transaction[0m
  [1m[35mSQL (0.3ms)[0m  [1m[32mINSERT INTO "users" ("email", "password_digest", "created_at", "updated_at") VALUES (?, ?, ?, ?)[0m  [["email", "cloris.sun2@canviz.com"], ["password_digest", "$2a$10$g87G1Mmls/OWu1oIZK.49eJ94hx10hRegI5j0ozBDXkFmfz0OIKjW"], ["created_at", "2017-09-15 07:41:32.520644"], ["updated_at", "2017-09-15 07:41:32.520644"]]
  [1m[35m (3.2ms)[0m  [1m[36mcommit transaction[0m
Redirected to http://localhost:3000/account/index
Completed 302 Found in 91ms (ActiveRecord: 4.0ms)


  [1m[35m (0.0ms)[0m  [1m[36mbegin transaction[0m
  [1m[35mSQL (0.3ms)[0m  [1m[33mUPDATE "sessions" SET "data" = ?, "updated_at" = ? WHERE "sessions"."id" = ?[0m  [["data", "BAh7B0kiEF9jc3JmX3Rva2VuBjoGRUZJIjFVS1dSUmRFUG9vZVVQTERIRDl2\nOXZ6cXhqTmdhbVYwa2xBR3BBUm80STdBPQY7AEZJIhNfbG9jYWxfdXNlcl9p\nZAY7AFRpBg==\n"], ["updated_at", "2017-09-15 07:41:32.527334"], ["id", 1]]
  [1m[35m (0.9ms)[0m  [1m[36mcommit transaction[0m
Started GET "/account/index" for 127.0.0.1 at 2017-09-15 15:41:32 +0800
Processing by AccountController#index as HTML
  [1m[36mUser Load (0.1ms)[0m  [1m[34mSELECT  "users".* FROM "users" WHERE "users"."id" = ? LIMIT ?[0m  [["id", 1], ["LIMIT", 1]]
Redirected to http://localhost:3000/schools
Completed 302 Found in 3ms (ActiveRecord: 0.3ms)


  [1m[35m (0.0ms)[0m  [1m[36mbegin transaction[0m
  [1m[35m (0.0ms)[0m  [1m[36mcommit transaction[0m
Started GET "/schools" for 127.0.0.1 at 2017-09-15 15:41:32 +0800
Processing by SchoolsController#index as HTML
  [1m[36mUser Load (0.1ms)[0m  [1m[34mSELECT  "users".* FROM "users" WHERE "users"."id" = ? LIMIT ?[0m  [["id", 1], ["LIMIT", 1]]
  Rendering schools/index.html.erb within layouts/application
  Rendered common/_header_list.html.erb (0.2ms)
  [1m[36mCACHE (0.0ms)[0m  [1m[34mSELECT  "users".* FROM "users" WHERE "users"."id" = ? LIMIT ?[0m  [["id", 1], ["LIMIT", 1]]
  [1m[36mCACHE (0.0ms)[0m  [1m[34mSELECT  "users".* FROM "users" WHERE "users"."id" = ? LIMIT ?[0m  [["id", 1], ["LIMIT", 1]]
  Rendered common/_user_login_info.html.erb (0.9ms)
  Rendered schools/index.html.erb within layouts/application (3.7ms)
Completed 200 OK in 25ms (Views: 22.1ms | ActiveRecord: 0.2ms)


  [1m[35m (0.1ms)[0m  [1m[36mbegin transaction[0m
  [1m[35m (0.0ms)[0m  [1m[36mcommit transaction[0m
Started POST "/account/logoff" for 127.0.0.1 at 2017-09-15 15:41:43 +0800
Processing by AccountController#logoff as HTML
  [1m[35m (0.0ms)[0m  [1m[36mbegin transaction[0m
  [1m[35mSQL (0.3ms)[0m  [1m[31mDELETE FROM "sessions" WHERE "sessions"."id" = ?[0m  [["id", 1]]
  [1m[35m (6.8ms)[0m  [1m[36mcommit transaction[0m
Redirected to http://localhost:3000/account/login
Completed 302 Found in 14ms (ActiveRecord: 8.7ms)


  [1m[35m (0.0ms)[0m  [1m[36mbegin transaction[0m
  [1m[35m (0.0ms)[0m  [1m[36mcommit transaction[0m
Started GET "/account/login" for 127.0.0.1 at 2017-09-15 15:41:43 +0800
Processing by AccountController#login as HTML
  Rendering account/login.html.erb within layouts/application
  Rendered account/login.html.erb within layouts/application (3.0ms)
Completed 200 OK in 25ms (Views: 22.9ms | ActiveRecord: 0.2ms)


  [1m[35m (0.0ms)[0m  [1m[36mbegin transaction[0m
  [1m[35mSQL (0.3ms)[0m  [1m[33mUPDATE "sessions" SET "data" = ?, "updated_at" = ? WHERE "sessions"."id" = ?[0m  [["data", "BAh7BkkiEF9jc3JmX3Rva2VuBjoGRUZJIjE3SHJJREc3em13NjNVV1N1TE92\nTkQ3eXpaNVUxUGhUL1VRRXY2SjRSQ2NVPQY7AEY=\n"], ["updated_at", "2017-09-15 07:41:43.373374"], ["id", 2]]
  [1m[35m (1.4ms)[0m  [1m[36mcommit transaction[0m
Started GET "/account/login" for 127.0.0.1 at 2017-09-15 16:02:34 +0800
Processing by AccountController#login as HTML
  Rendering account/login.html.erb within layouts/application
  Rendered account/login.html.erb within layouts/application (2.8ms)
Completed 200 OK in 27ms (Views: 25.2ms | ActiveRecord: 1.1ms)


  [1m[35m (0.0ms)[0m  [1m[36mbegin transaction[0m
  [1m[35mSQL (0.3ms)[0m  [1m[33mUPDATE "sessions" SET "data" = ?, "updated_at" = ? WHERE "sessions"."id" = ?[0m  [["data", "BAh7BkkiEF9jc3JmX3Rva2VuBjoGRUZJIjEvbmRzeVJIL1NNQ2lGM3EvUXB0\ndVpFR2Qrc0NzWVNpNy9UcW41RjREdGN3PQY7AEY=\n"], ["updated_at", "2017-09-15 08:02:34.144661"], ["id", 3]]
  [1m[35m (0.5ms)[0m  [1m[36mcommit transaction[0m
Started GET "/" for 127.0.0.1 at 2017-09-15 16:02:44 +0800
Processing by AccountController#index as HTML
Redirected to http://localhost:3000/account/login
Completed 302 Found in 3ms (ActiveRecord: 0.4ms)


  [1m[35m (0.1ms)[0m  [1m[36mbegin transaction[0m
  [1m[35m (0.1ms)[0m  [1m[36mcommit transaction[0m
Started GET "/account/login" for 127.0.0.1 at 2017-09-15 16:02:44 +0800
Processing by AccountController#login as HTML
  Rendering account/login.html.erb within layouts/application
  Rendered account/login.html.erb within layouts/application (3.6ms)
Completed 200 OK in 30ms (Views: 27.9ms | ActiveRecord: 0.4ms)


  [1m[35m (0.1ms)[0m  [1m[36mbegin transaction[0m
  [1m[35m (0.1ms)[0m  [1m[36mcommit transaction[0m
Started GET "/account/login" for 127.0.0.1 at 2017-09-15 16:02:58 +0800
Processing by AccountController#login as HTML
  Rendering account/login.html.erb within layouts/application
  Rendered account/login.html.erb within layouts/application (3.0ms)
Completed 200 OK in 25ms (Views: 23.2ms | ActiveRecord: 0.3ms)


  [1m[35m (0.1ms)[0m  [1m[36mbegin transaction[0m
  [1m[35m (0.0ms)[0m  [1m[36mcommit transaction[0m
Started GET "/" for 127.0.0.1 at 2017-09-15 16:03:44 +0800
Processing by AccountController#index as HTML
Redirected to http://localhost:3000/account/login
Completed 302 Found in 1ms (ActiveRecord: 0.0ms)


Started GET "/account/login" for 127.0.0.1 at 2017-09-15 16:03:44 +0800
Processing by AccountController#login as HTML
  Rendering account/login.html.erb within layouts/application
  Rendered account/login.html.erb within layouts/application (4.2ms)
Completed 200 OK in 44ms (Views: 41.3ms | ActiveRecord: 1.6ms)


  [1m[35m (0.0ms)[0m  [1m[36mbegin transaction[0m
  [1m[35mSQL (0.3ms)[0m  [1m[33mUPDATE "sessions" SET "data" = ?, "updated_at" = ? WHERE "sessions"."id" = ?[0m  [["data", "BAh7BkkiEF9jc3JmX3Rva2VuBjoGRUZJIjFKUVFKa1JrMWR4bU04MDVoUmlr\nYTBtUEZBdGRrdE53ZGg0U2FRTmtDSTU0PQY7AEY=\n"], ["updated_at", "2017-09-15 08:03:44.889444"], ["id", 4]]
  [1m[35m (0.9ms)[0m  [1m[36mcommit transaction[0m
Started POST "/account/login_local" for 127.0.0.1 at 2017-09-15 16:03:50 +0800
Processing by AccountController#login_local as HTML
  Parameters: {"Email"=>"cloris.sun@canviz.com", "Password"=>"[FILTERED]"}
  [1m[36mUser Load (0.2ms)[0m  [1m[34mSELECT  "users".* FROM "users" WHERE "users"."email" = ? LIMIT ?[0m  [["email", "cloris.sun@canviz.com"], ["LIMIT", 1]]
Redirected to http://localhost:3000/account/login
Completed 302 Found in 3ms (ActiveRecord: 0.4ms)


  [1m[35m (0.1ms)[0m  [1m[36mbegin transaction[0m
  [1m[35mSQL (0.3ms)[0m  [1m[33mUPDATE "sessions" SET "data" = ?, "updated_at" = ? WHERE "sessions"."id" = ?[0m  [["data", "BAh7B0kiEF9jc3JmX3Rva2VuBjoGRUZJIjFKUVFKa1JrMWR4bU04MDVoUmlr\nYTBtUEZBdGRrdE53ZGg0U2FRTmtDSTU0PQY7AEZJIgpmbGFzaAY7AFR7B0ki\nDGRpc2NhcmQGOwBUWwBJIgxmbGFzaGVzBjsAVHsGSSIKYWxlcnQGOwBGSSIb\nSW52YWxpZCBsb2dpbiBhdHRlbXB0LgY7AFQ=\n"], ["updated_at", "2017-09-15 08:03:50.534159"], ["id", 4]]
  [1m[35m (6.3ms)[0m  [1m[36mcommit transaction[0m
Started GET "/account/login" for 127.0.0.1 at 2017-09-15 16:03:50 +0800
Processing by AccountController#login as HTML
  Rendering account/login.html.erb within layouts/application
  Rendered account/login.html.erb within layouts/application (3.1ms)
Completed 200 OK in 29ms (Views: 24.8ms | ActiveRecord: 0.2ms)


  [1m[35m (0.1ms)[0m  [1m[36mbegin transaction[0m
  [1m[35mSQL (0.7ms)[0m  [1m[33mUPDATE "sessions" SET "data" = ?, "updated_at" = ? WHERE "sessions"."id" = ?[0m  [["data", "BAh7BkkiEF9jc3JmX3Rva2VuBjoGRUZJIjFKUVFKa1JrMWR4bU04MDVoUmlr\nYTBtUEZBdGRrdE53ZGg0U2FRTmtDSTU0PQY7AEY=\n"], ["updated_at", "2017-09-15 08:03:50.576197"], ["id", 4]]
  [1m[35m (0.9ms)[0m  [1m[36mcommit transaction[0m
Started GET "/account/register" for 127.0.0.1 at 2017-09-15 16:03:53 +0800
Processing by AccountController#register as HTML
  Rendering account/register.html.erb within layouts/application
  Rendered account/register.html.erb within layouts/application (0.5ms)
Completed 200 OK in 23ms (Views: 19.8ms | ActiveRecord: 0.2ms)


  [1m[35m (0.0ms)[0m  [1m[36mbegin transaction[0m
  [1m[35m (0.0ms)[0m  [1m[36mcommit transaction[0m
Started POST "/account/register" for 127.0.0.1 at 2017-09-15 16:04:04 +0800
Processing by AccountController#register_post as HTML
  Parameters: {"Email"=>"cloris.sun@canviz.com1", "Password"=>"[FILTERED]", "ConfirmPassword"=>"[FILTERED]"}
  [1m[36mUser Load (0.2ms)[0m  [1m[34mSELECT  "users".* FROM "users" WHERE "users"."email" = ? LIMIT ?[0m  [["email", "cloris.sun@canviz.com1"], ["LIMIT", 1]]
  [1m[35m (0.1ms)[0m  [1m[36mbegin transaction[0m
  [1m[35mSQL (0.4ms)[0m  [1m[32mINSERT INTO "users" ("email", "password_digest", "created_at", "updated_at") VALUES (?, ?, ?, ?)[0m  [["email", "cloris.sun@canviz.com1"], ["password_digest", "$2a$10$oFsJm2SkaW.y1li3UKBrPu2FolAhfwzd4OJdeRdMHf1TJ7lrHSKji"], ["created_at", "2017-09-15 08:04:04.809894"], ["updated_at", "2017-09-15 08:04:04.809894"]]
  [1m[35m (6.9ms)[0m  [1m[36mcommit transaction[0m
Redirected to http://localhost:3000/account/index
Completed 302 Found in 83ms (ActiveRecord: 7.7ms)


  [1m[35m (0.0ms)[0m  [1m[36mbegin transaction[0m
  [1m[35mSQL (0.3ms)[0m  [1m[33mUPDATE "sessions" SET "data" = ?, "updated_at" = ? WHERE "sessions"."id" = ?[0m  [["data", "BAh7B0kiEF9jc3JmX3Rva2VuBjoGRUZJIjFKUVFKa1JrMWR4bU04MDVoUmlr\nYTBtUEZBdGRrdE53ZGg0U2FRTmtDSTU0PQY7AEZJIhNfbG9jYWxfdXNlcl9p\nZAY7AFRpBw==\n"], ["updated_at", "2017-09-15 08:04:04.821007"], ["id", 4]]
  [1m[35m (0.7ms)[0m  [1m[36mcommit transaction[0m
Started GET "/account/index" for 127.0.0.1 at 2017-09-15 16:04:04 +0800
Processing by AccountController#index as HTML
  [1m[36mUser Load (0.1ms)[0m  [1m[34mSELECT  "users".* FROM "users" WHERE "users"."id" = ? LIMIT ?[0m  [["id", 2], ["LIMIT", 1]]
Redirected to http://localhost:3000/schools
Completed 302 Found in 2ms (ActiveRecord: 0.3ms)


  [1m[35m (0.0ms)[0m  [1m[36mbegin transaction[0m
  [1m[35m (0.0ms)[0m  [1m[36mcommit transaction[0m
Started GET "/schools" for 127.0.0.1 at 2017-09-15 16:04:04 +0800
Processing by SchoolsController#index as HTML
  [1m[36mUser Load (0.1ms)[0m  [1m[34mSELECT  "users".* FROM "users" WHERE "users"."id" = ? LIMIT ?[0m  [["id", 2], ["LIMIT", 1]]
  Rendering schools/index.html.erb within layouts/application
  Rendered common/_header_list.html.erb (0.4ms)
  [1m[36mCACHE (0.0ms)[0m  [1m[34mSELECT  "users".* FROM "users" WHERE "users"."id" = ? LIMIT ?[0m  [["id", 2], ["LIMIT", 1]]
  [1m[36mCACHE (0.0ms)[0m  [1m[34mSELECT  "users".* FROM "users" WHERE "users"."id" = ? LIMIT ?[0m  [["id", 2], ["LIMIT", 1]]
  Rendered common/_user_login_info.html.erb (1.1ms)
  Rendered schools/index.html.erb within layouts/application (4.2ms)
Completed 200 OK in 30ms (Views: 26.0ms | ActiveRecord: 0.3ms)


  [1m[35m (0.1ms)[0m  [1m[36mbegin transaction[0m
  [1m[35m (0.0ms)[0m  [1m[36mcommit transaction[0m
Started POST "/account/logoff" for 127.0.0.1 at 2017-09-15 16:04:07 +0800
Processing by AccountController#logoff as HTML
  [1m[35m (0.0ms)[0m  [1m[36mbegin transaction[0m
  [1m[35mSQL (0.3ms)[0m  [1m[31mDELETE FROM "sessions" WHERE "sessions"."id" = ?[0m  [["id", 4]]
  [1m[35m (4.1ms)[0m  [1m[36mcommit transaction[0m
Redirected to http://localhost:3000/account/login
Completed 302 Found in 11ms (ActiveRecord: 6.0ms)


  [1m[35m (0.0ms)[0m  [1m[36mbegin transaction[0m
  [1m[35m (0.0ms)[0m  [1m[36mcommit transaction[0m
Started GET "/account/login" for 127.0.0.1 at 2017-09-15 16:04:07 +0800
Processing by AccountController#login as HTML
  Rendering account/login.html.erb within layouts/application
  Rendered account/login.html.erb within layouts/application (3.9ms)
Completed 200 OK in 25ms (Views: 22.5ms | ActiveRecord: 0.2ms)


  [1m[35m (0.1ms)[0m  [1m[36mbegin transaction[0m
  [1m[35mSQL (0.4ms)[0m  [1m[33mUPDATE "sessions" SET "data" = ?, "updated_at" = ? WHERE "sessions"."id" = ?[0m  [["data", "BAh7BkkiEF9jc3JmX3Rva2VuBjoGRUZJIjFkRUJVelVVVjV2ZVFFV2RjOVlX\nNGxOVEk3TGd4ZFdTQkdISUQzbUZQQndZPQY7AEY=\n"], ["updated_at", "2017-09-15 08:04:07.878749"], ["id", 5]]
  [1m[35m (0.7ms)[0m  [1m[36mcommit transaction[0m
  [1m[36mActiveRecord::SchemaMigration Load (0.1ms)[0m  [1m[34mSELECT "schema_migrations".* FROM "schema_migrations"[0m
  [1m[35m (0.1ms)[0m  [1m[34mSELECT "ar_internal_metadata"."value" FROM "ar_internal_metadata" WHERE "ar_internal_metadata"."key" = ?[0m  [["key", "environment"]]
  [1m[36mActiveRecord::SchemaMigration Load (0.0ms)[0m  [1m[34mSELECT "schema_migrations".* FROM "schema_migrations"[0m
  [1m[35m (0.0ms)[0m  [1m[34mSELECT "ar_internal_metadata"."value" FROM "ar_internal_metadata" WHERE "ar_internal_metadata"."key" = ?[0m  [["key", "environment"]]
  [1m[36mActiveRecord::SchemaMigration Load (0.0ms)[0m  [1m[34mSELECT "schema_migrations".* FROM "schema_migrations"[0m
  [1m[35m (0.0ms)[0m  [1m[34mSELECT "ar_internal_metadata"."value" FROM "ar_internal_metadata" WHERE "ar_internal_metadata"."key" = ?[0m  [["key", "environment"]]
  [1m[35m (1.1ms)[0m  [1m[35mDROP TABLE "sessions"[0m
  [1m[35m (0.8ms)[0m  [1m[35mCREATE TABLE "sessions" ("id" INTEGER PRIMARY KEY AUTOINCREMENT NOT NULL, "session_id" varchar NOT NULL, "data" text, "created_at" datetime, "updated_at" datetime)[0m
  [1m[35m (0.0ms)[0m  [1m[34mselect sqlite_version(*)[0m
  [1m[35m (0.6ms)[0m  [1m[35mCREATE UNIQUE INDEX "index_sessions_on_session_id" ON "sessions" ("session_id")[0m
  [1m[35m (0.1ms)[0m  [1m[34m            SELECT sql
            FROM sqlite_master
            WHERE name='index_sessions_on_session_id' AND type='index'
            UNION ALL
            SELECT sql
            FROM sqlite_temp_master
            WHERE name='index_sessions_on_session_id' AND type='index'
[0m
  [1m[35m (0.6ms)[0m  [1m[35mCREATE  INDEX "index_sessions_on_updated_at" ON "sessions" ("updated_at")[0m
  [1m[35m (0.6ms)[0m  [1m[35mDROP TABLE "users"[0m
  [1m[35m (0.7ms)[0m  [1m[35mCREATE TABLE "users" ("id" INTEGER PRIMARY KEY AUTOINCREMENT NOT NULL, "first_name" varchar(40) DEFAULT '', "last_name" varchar(40) DEFAULT '', "email" varchar(70), "password" varchar, "password_digest" varchar, "o365_user_id" varchar, "o365_email" varchar, "organization_id" integer, "remember_me" boolean, "created_at" datetime NOT NULL, "updated_at" datetime NOT NULL)[0m
  [1m[35m (0.1ms)[0m  [1m[34mSELECT version FROM "schema_migrations"[0m
  [1m[36mActiveRecord::InternalMetadata Load (0.1ms)[0m  [1m[34mSELECT  "ar_internal_metadata".* FROM "ar_internal_metadata" WHERE "ar_internal_metadata"."key" = ? LIMIT ?[0m  [["key", "environment"], ["LIMIT", 1]]
  [1m[35m (0.0ms)[0m  [1m[36mbegin transaction[0m
  [1m[35m (0.0ms)[0m  [1m[36mcommit transaction[0m
  [1m[36mActiveRecord::InternalMetadata Load (0.0ms)[0m  [1m[34mSELECT  "ar_internal_metadata".* FROM "ar_internal_metadata" WHERE "ar_internal_metadata"."key" = ? LIMIT ?[0m  [["key", "environment"], ["LIMIT", 1]]
  [1m[35m (0.0ms)[0m  [1m[36mbegin transaction[0m
  [1m[35m (0.0ms)[0m  [1m[36mcommit transaction[0m
  [1m[35m (1.7ms)[0m  [1m[35mDROP TABLE "sessions"[0m
  [1m[35m (0.8ms)[0m  [1m[35mCREATE TABLE "sessions" ("id" INTEGER PRIMARY KEY AUTOINCREMENT NOT NULL, "session_id" varchar NOT NULL, "data" text, "created_at" datetime, "updated_at" datetime)[0m
  [1m[35m (0.0ms)[0m  [1m[34mselect sqlite_version(*)[0m
  [1m[35m (0.7ms)[0m  [1m[35mCREATE UNIQUE INDEX "index_sessions_on_session_id" ON "sessions" ("session_id")[0m
  [1m[35m (0.1ms)[0m  [1m[34m            SELECT sql
            FROM sqlite_master
            WHERE name='index_sessions_on_session_id' AND type='index'
            UNION ALL
            SELECT sql
            FROM sqlite_temp_master
            WHERE name='index_sessions_on_session_id' AND type='index'
[0m
  [1m[35m (0.7ms)[0m  [1m[35mCREATE  INDEX "index_sessions_on_updated_at" ON "sessions" ("updated_at")[0m
  [1m[35m (0.9ms)[0m  [1m[35mDROP TABLE "users"[0m
  [1m[35m (0.7ms)[0m  [1m[35mCREATE TABLE "users" ("id" INTEGER PRIMARY KEY AUTOINCREMENT NOT NULL, "first_name" varchar(40) DEFAULT '', "last_name" varchar(40) DEFAULT '', "email" varchar(70), "password" varchar, "password_digest" varchar, "o365_user_id" varchar, "o365_email" varchar, "organization_id" integer, "remember_me" boolean, "created_at" datetime NOT NULL, "updated_at" datetime NOT NULL)[0m
  [1m[35m (0.3ms)[0m  [1m[34mSELECT version FROM "schema_migrations"[0m
  [1m[36mActiveRecord::InternalMetadata Load (0.6ms)[0m  [1m[34mSELECT  "ar_internal_metadata".* FROM "ar_internal_metadata" WHERE "ar_internal_metadata"."key" = ? LIMIT ?[0m  [["key", "environment"], ["LIMIT", 1]]
  [1m[35m (0.0ms)[0m  [1m[36mbegin transaction[0m
  [1m[35m (0.0ms)[0m  [1m[36mcommit transaction[0m
  [1m[36mActiveRecord::InternalMetadata Load (0.0ms)[0m  [1m[34mSELECT  "ar_internal_metadata".* FROM "ar_internal_metadata" WHERE "ar_internal_metadata"."key" = ? LIMIT ?[0m  [["key", "environment"], ["LIMIT", 1]]
  [1m[35m (0.0ms)[0m  [1m[36mbegin transaction[0m
  [1m[35m (0.0ms)[0m  [1m[36mcommit transaction[0m
  [1m[36mActiveRecord::SchemaMigration Load (0.2ms)[0m  [1m[34mSELECT "schema_migrations".* FROM "schema_migrations"[0m
Started GET "/" for 127.0.0.1 at 2017-09-15 16:28:08 +0800
Processing by AccountController#index as HTML
Redirected to http://localhost:3000/account/login
Completed 302 Found in 27ms (ActiveRecord: 2.9ms)


  [1m[35m (0.0ms)[0m  [1m[36mbegin transaction[0m
  [1m[35m (0.0ms)[0m  [1m[36mcommit transaction[0m
Started GET "/account/login" for 127.0.0.1 at 2017-09-15 16:28:08 +0800
Processing by AccountController#login as HTML
  Rendering account/login.html.erb within layouts/application
  Rendered account/login.html.erb within layouts/application (344.2ms)
Completed 200 OK in 446ms (Views: 444.2ms | ActiveRecord: 0.2ms)


  [1m[35m (0.1ms)[0m  [1m[36mbegin transaction[0m
  [1m[35mSQL (0.3ms)[0m  [1m[33mUPDATE "sessions" SET "data" = ?, "updated_at" = ? WHERE "sessions"."id" = ?[0m  [["data", "BAh7BkkiEF9jc3JmX3Rva2VuBjoGRUZJIjE4dTNUdE1Gb21oL2dzbUdURXZ5\nU083WEx1WHRRWnlZVlFmeVp3RVJjYWpZPQY7AEY=\n"], ["updated_at", "2017-09-15 08:28:08.883834"], ["id", 1]]
  [1m[35m (0.7ms)[0m  [1m[36mcommit transaction[0m
Started GET "/account/login" for 127.0.0.1 at 2017-09-15 16:28:43 +0800
Processing by AccountController#login as HTML
  Rendering account/login.html.erb within layouts/application
  Rendered account/login.html.erb within layouts/application (4.8ms)
Completed 200 OK in 55ms (Views: 52.4ms | ActiveRecord: 1.0ms)


  [1m[35m (0.0ms)[0m  [1m[36mbegin transaction[0m
  [1m[35mSQL (0.2ms)[0m  [1m[33mUPDATE "sessions" SET "data" = ?, "updated_at" = ? WHERE "sessions"."id" = ?[0m  [["data", "BAh7BkkiEF9jc3JmX3Rva2VuBjoGRUZJIjFmRDQzWFo3QWlaZnRhaitUaUVk\naTFRYzIxR3NRRy96S1hZWXpKTmo3ZmxBPQY7AEY=\n"], ["updated_at", "2017-09-15 08:28:43.347217"], ["id", 2]]
  [1m[35m (0.8ms)[0m  [1m[36mcommit transaction[0m
  [1m[36mActiveRecord::SchemaMigration Load (0.1ms)[0m  [1m[34mSELECT "schema_migrations".* FROM "schema_migrations"[0m
  [1m[35m (0.1ms)[0m  [1m[34mSELECT "ar_internal_metadata"."value" FROM "ar_internal_metadata" WHERE "ar_internal_metadata"."key" = ?[0m  [["key", "environment"]]
  [1m[36mActiveRecord::SchemaMigration Load (0.0ms)[0m  [1m[34mSELECT "schema_migrations".* FROM "schema_migrations"[0m
  [1m[35m (0.0ms)[0m  [1m[34mSELECT "ar_internal_metadata"."value" FROM "ar_internal_metadata" WHERE "ar_internal_metadata"."key" = ?[0m  [["key", "environment"]]
  [1m[36mActiveRecord::SchemaMigration Load (0.0ms)[0m  [1m[34mSELECT "schema_migrations".* FROM "schema_migrations"[0m
  [1m[35m (0.0ms)[0m  [1m[34mSELECT "ar_internal_metadata"."value" FROM "ar_internal_metadata" WHERE "ar_internal_metadata"."key" = ?[0m  [["key", "environment"]]
  [1m[35m (0.8ms)[0m  [1m[35mDROP TABLE "sessions"[0m
  [1m[35m (0.8ms)[0m  [1m[35mCREATE TABLE "sessions" ("id" INTEGER PRIMARY KEY AUTOINCREMENT NOT NULL, "session_id" varchar NOT NULL, "data" text, "created_at" datetime, "updated_at" datetime)[0m
  [1m[35m (0.0ms)[0m  [1m[34mselect sqlite_version(*)[0m
  [1m[35m (0.8ms)[0m  [1m[35mCREATE UNIQUE INDEX "index_sessions_on_session_id" ON "sessions" ("session_id")[0m
  [1m[35m (0.1ms)[0m  [1m[34m            SELECT sql
            FROM sqlite_master
            WHERE name='index_sessions_on_session_id' AND type='index'
            UNION ALL
            SELECT sql
            FROM sqlite_temp_master
            WHERE name='index_sessions_on_session_id' AND type='index'
[0m
  [1m[35m (0.7ms)[0m  [1m[35mCREATE  INDEX "index_sessions_on_updated_at" ON "sessions" ("updated_at")[0m
  [1m[35m (0.6ms)[0m  [1m[35mDROP TABLE "users"[0m
  [1m[35m (0.7ms)[0m  [1m[35mCREATE TABLE "users" ("id" INTEGER PRIMARY KEY AUTOINCREMENT NOT NULL, "first_name" varchar(40) DEFAULT '', "last_name" varchar(40) DEFAULT '', "email" varchar(70), "password" varchar, "password_digest" varchar, "o365_user_id" varchar, "o365_email" varchar, "organization_id" integer, "remember_me" boolean, "created_at" datetime NOT NULL, "updated_at" datetime NOT NULL)[0m
  [1m[35m (0.1ms)[0m  [1m[34mSELECT version FROM "schema_migrations"[0m
  [1m[36mActiveRecord::InternalMetadata Load (0.1ms)[0m  [1m[34mSELECT  "ar_internal_metadata".* FROM "ar_internal_metadata" WHERE "ar_internal_metadata"."key" = ? LIMIT ?[0m  [["key", "environment"], ["LIMIT", 1]]
  [1m[35m (0.0ms)[0m  [1m[36mbegin transaction[0m
  [1m[35m (0.0ms)[0m  [1m[36mcommit transaction[0m
  [1m[36mActiveRecord::InternalMetadata Load (0.1ms)[0m  [1m[34mSELECT  "ar_internal_metadata".* FROM "ar_internal_metadata" WHERE "ar_internal_metadata"."key" = ? LIMIT ?[0m  [["key", "environment"], ["LIMIT", 1]]
  [1m[35m (0.0ms)[0m  [1m[36mbegin transaction[0m
  [1m[35m (0.0ms)[0m  [1m[36mcommit transaction[0m
  [1m[35m (1.9ms)[0m  [1m[35mDROP TABLE "sessions"[0m
  [1m[35m (0.8ms)[0m  [1m[35mCREATE TABLE "sessions" ("id" INTEGER PRIMARY KEY AUTOINCREMENT NOT NULL, "session_id" varchar NOT NULL, "data" text, "created_at" datetime, "updated_at" datetime)[0m
  [1m[35m (0.0ms)[0m  [1m[34mselect sqlite_version(*)[0m
  [1m[35m (0.7ms)[0m  [1m[35mCREATE UNIQUE INDEX "index_sessions_on_session_id" ON "sessions" ("session_id")[0m
  [1m[35m (0.1ms)[0m  [1m[34m            SELECT sql
            FROM sqlite_master
            WHERE name='index_sessions_on_session_id' AND type='index'
            UNION ALL
            SELECT sql
            FROM sqlite_temp_master
            WHERE name='index_sessions_on_session_id' AND type='index'
[0m
  [1m[35m (0.6ms)[0m  [1m[35mCREATE  INDEX "index_sessions_on_updated_at" ON "sessions" ("updated_at")[0m
  [1m[35m (1.0ms)[0m  [1m[35mDROP TABLE "users"[0m
  [1m[35m (0.6ms)[0m  [1m[35mCREATE TABLE "users" ("id" INTEGER PRIMARY KEY AUTOINCREMENT NOT NULL, "first_name" varchar(40) DEFAULT '', "last_name" varchar(40) DEFAULT '', "email" varchar(70), "password" varchar, "password_digest" varchar, "o365_user_id" varchar, "o365_email" varchar, "organization_id" integer, "remember_me" boolean, "created_at" datetime NOT NULL, "updated_at" datetime NOT NULL)[0m
  [1m[35m (0.3ms)[0m  [1m[34mSELECT version FROM "schema_migrations"[0m
  [1m[36mActiveRecord::InternalMetadata Load (0.6ms)[0m  [1m[34mSELECT  "ar_internal_metadata".* FROM "ar_internal_metadata" WHERE "ar_internal_metadata"."key" = ? LIMIT ?[0m  [["key", "environment"], ["LIMIT", 1]]
  [1m[35m (0.0ms)[0m  [1m[36mbegin transaction[0m
  [1m[35m (0.0ms)[0m  [1m[36mcommit transaction[0m
  [1m[36mActiveRecord::InternalMetadata Load (0.1ms)[0m  [1m[34mSELECT  "ar_internal_metadata".* FROM "ar_internal_metadata" WHERE "ar_internal_metadata"."key" = ? LIMIT ?[0m  [["key", "environment"], ["LIMIT", 1]]
  [1m[35m (0.0ms)[0m  [1m[36mbegin transaction[0m
  [1m[35m (0.0ms)[0m  [1m[36mcommit transaction[0m
  [1m[36mActiveRecord::SchemaMigration Load (0.2ms)[0m  [1m[34mSELECT "schema_migrations".* FROM "schema_migrations"[0m
Started GET "/" for 127.0.0.1 at 2017-09-15 18:35:43 +0800
Processing by AccountController#index as HTML
Redirected to http://localhost:3000/account/login
Completed 302 Found in 25ms (ActiveRecord: 2.7ms)


  [1m[35m (0.1ms)[0m  [1m[36mbegin transaction[0m
  [1m[35m (0.0ms)[0m  [1m[36mcommit transaction[0m
Started GET "/account/login" for 127.0.0.1 at 2017-09-15 18:35:43 +0800
Processing by AccountController#login as HTML
  Rendering account/login.html.erb within layouts/application
  Rendered account/login.html.erb within layouts/application (234.6ms)
Completed 200 OK in 291ms (Views: 289.0ms | ActiveRecord: 0.1ms)


  [1m[35m (0.1ms)[0m  [1m[36mbegin transaction[0m
  [1m[35mSQL (0.3ms)[0m  [1m[33mUPDATE "sessions" SET "data" = ?, "updated_at" = ? WHERE "sessions"."id" = ?[0m  [["data", "BAh7BkkiEF9jc3JmX3Rva2VuBjoGRUZJIjFJZGFnOExkKzJPMTJOaVJoSHI0\nemlhbVNHa2JRTlpRVldpNUc4RnBXbVhVPQY7AEY=\n"], ["updated_at", "2017-09-15 10:35:43.558207"], ["id", 1]]
  [1m[35m (0.7ms)[0m  [1m[36mcommit transaction[0m
  [1m[36mActiveRecord::SchemaMigration Load (0.4ms)[0m  [1m[34mSELECT "schema_migrations".* FROM "schema_migrations"[0m
  [1m[35m (0.7ms)[0m  [1m[34mSELECT "ar_internal_metadata"."value" FROM "ar_internal_metadata" WHERE "ar_internal_metadata"."key" = ?[0m  [["key", "environment"]]
  [1m[36mActiveRecord::SchemaMigration Load (0.1ms)[0m  [1m[34mSELECT "schema_migrations".* FROM "schema_migrations"[0m
  [1m[35m (0.1ms)[0m  [1m[34mSELECT "ar_internal_metadata"."value" FROM "ar_internal_metadata" WHERE "ar_internal_metadata"."key" = ?[0m  [["key", "environment"]]
  [1m[36mActiveRecord::SchemaMigration Load (0.0ms)[0m  [1m[34mSELECT "schema_migrations".* FROM "schema_migrations"[0m
  [1m[35m (0.0ms)[0m  [1m[34mSELECT "ar_internal_metadata"."value" FROM "ar_internal_metadata" WHERE "ar_internal_metadata"."key" = ?[0m  [["key", "environment"]]
  [1m[35m (2.1ms)[0m  [1m[35mDROP TABLE "sessions"[0m
  [1m[35m (0.8ms)[0m  [1m[35mCREATE TABLE "sessions" ("id" INTEGER PRIMARY KEY AUTOINCREMENT NOT NULL, "session_id" varchar NOT NULL, "data" text, "created_at" datetime, "updated_at" datetime)[0m
  [1m[35m (0.0ms)[0m  [1m[34mselect sqlite_version(*)[0m
  [1m[35m (0.6ms)[0m  [1m[35mCREATE UNIQUE INDEX "index_sessions_on_session_id" ON "sessions" ("session_id")[0m
  [1m[35m (0.1ms)[0m  [1m[34m            SELECT sql
            FROM sqlite_master
            WHERE name='index_sessions_on_session_id' AND type='index'
            UNION ALL
            SELECT sql
            FROM sqlite_temp_master
            WHERE name='index_sessions_on_session_id' AND type='index'
[0m
  [1m[35m (0.6ms)[0m  [1m[35mCREATE  INDEX "index_sessions_on_updated_at" ON "sessions" ("updated_at")[0m
  [1m[35m (0.7ms)[0m  [1m[35mDROP TABLE "users"[0m
  [1m[35m (0.6ms)[0m  [1m[35mCREATE TABLE "users" ("id" INTEGER PRIMARY KEY AUTOINCREMENT NOT NULL, "first_name" varchar(40) DEFAULT '', "last_name" varchar(40) DEFAULT '', "email" varchar(70), "password" varchar, "password_digest" varchar, "o365_user_id" varchar, "o365_email" varchar, "organization_id" integer, "remember_me" boolean, "created_at" datetime NOT NULL, "updated_at" datetime NOT NULL)[0m
  [1m[35m (0.2ms)[0m  [1m[34mSELECT version FROM "schema_migrations"[0m
  [1m[36mActiveRecord::InternalMetadata Load (0.1ms)[0m  [1m[34mSELECT  "ar_internal_metadata".* FROM "ar_internal_metadata" WHERE "ar_internal_metadata"."key" = ? LIMIT ?[0m  [["key", "environment"], ["LIMIT", 1]]
  [1m[35m (0.0ms)[0m  [1m[36mbegin transaction[0m
  [1m[35m (0.0ms)[0m  [1m[36mcommit transaction[0m
  [1m[36mActiveRecord::InternalMetadata Load (0.1ms)[0m  [1m[34mSELECT  "ar_internal_metadata".* FROM "ar_internal_metadata" WHERE "ar_internal_metadata"."key" = ? LIMIT ?[0m  [["key", "environment"], ["LIMIT", 1]]
  [1m[35m (0.0ms)[0m  [1m[36mbegin transaction[0m
  [1m[35m (0.0ms)[0m  [1m[36mcommit transaction[0m
  [1m[35m (2.5ms)[0m  [1m[35mDROP TABLE "sessions"[0m
  [1m[35m (0.8ms)[0m  [1m[35mCREATE TABLE "sessions" ("id" INTEGER PRIMARY KEY AUTOINCREMENT NOT NULL, "session_id" varchar NOT NULL, "data" text, "created_at" datetime, "updated_at" datetime)[0m
  [1m[35m (0.0ms)[0m  [1m[34mselect sqlite_version(*)[0m
  [1m[35m (0.6ms)[0m  [1m[35mCREATE UNIQUE INDEX "index_sessions_on_session_id" ON "sessions" ("session_id")[0m
  [1m[35m (0.1ms)[0m  [1m[34m            SELECT sql
            FROM sqlite_master
            WHERE name='index_sessions_on_session_id' AND type='index'
            UNION ALL
            SELECT sql
            FROM sqlite_temp_master
            WHERE name='index_sessions_on_session_id' AND type='index'
[0m
  [1m[35m (0.7ms)[0m  [1m[35mCREATE  INDEX "index_sessions_on_updated_at" ON "sessions" ("updated_at")[0m
  [1m[35m (0.9ms)[0m  [1m[35mDROP TABLE "users"[0m
  [1m[35m (0.6ms)[0m  [1m[35mCREATE TABLE "users" ("id" INTEGER PRIMARY KEY AUTOINCREMENT NOT NULL, "first_name" varchar(40) DEFAULT '', "last_name" varchar(40) DEFAULT '', "email" varchar(70), "password" varchar, "password_digest" varchar, "o365_user_id" varchar, "o365_email" varchar, "organization_id" integer, "remember_me" boolean, "created_at" datetime NOT NULL, "updated_at" datetime NOT NULL)[0m
  [1m[35m (0.3ms)[0m  [1m[34mSELECT version FROM "schema_migrations"[0m
  [1m[36mActiveRecord::InternalMetadata Load (0.6ms)[0m  [1m[34mSELECT  "ar_internal_metadata".* FROM "ar_internal_metadata" WHERE "ar_internal_metadata"."key" = ? LIMIT ?[0m  [["key", "environment"], ["LIMIT", 1]]
  [1m[35m (0.0ms)[0m  [1m[36mbegin transaction[0m
  [1m[35m (0.0ms)[0m  [1m[36mcommit transaction[0m
  [1m[36mActiveRecord::InternalMetadata Load (0.0ms)[0m  [1m[34mSELECT  "ar_internal_metadata".* FROM "ar_internal_metadata" WHERE "ar_internal_metadata"."key" = ? LIMIT ?[0m  [["key", "environment"], ["LIMIT", 1]]
  [1m[35m (0.0ms)[0m  [1m[36mbegin transaction[0m
  [1m[35m (0.0ms)[0m  [1m[36mcommit transaction[0m
  [1m[36mActiveRecord::SchemaMigration Load (0.2ms)[0m  [1m[34mSELECT "schema_migrations".* FROM "schema_migrations"[0m
Started GET "/" for 127.0.0.1 at 2017-09-15 20:25:03 +0800
Processing by AccountController#index as HTML
Redirected to http://localhost:3000/account/login
Completed 302 Found in 25ms (ActiveRecord: 2.8ms)


  [1m[35m (0.0ms)[0m  [1m[36mbegin transaction[0m
  [1m[35m (0.0ms)[0m  [1m[36mcommit transaction[0m
Started GET "/account/login" for 127.0.0.1 at 2017-09-15 20:25:03 +0800
Processing by AccountController#login as HTML
  Rendering account/login.html.erb within layouts/application
  Rendered account/login.html.erb within layouts/application (223.8ms)
Completed 200 OK in 276ms (Views: 274.0ms | ActiveRecord: 0.2ms)


  [1m[35m (0.1ms)[0m  [1m[36mbegin transaction[0m
  [1m[35mSQL (0.3ms)[0m  [1m[33mUPDATE "sessions" SET "data" = ?, "updated_at" = ? WHERE "sessions"."id" = ?[0m  [["data", "BAh7BkkiEF9jc3JmX3Rva2VuBjoGRUZJIjFOYUIrSVllUTJMOFFINTMzblJW\nR2N3RUJMQnRHNUwwaVRpSk8rY2RkdHV3PQY7AEY=\n"], ["updated_at", "2017-09-15 12:25:04.060663"], ["id", 1]]
  [1m[35m (0.5ms)[0m  [1m[36mcommit transaction[0m
